#
# A fatal error has been detected by the Java Runtime Environment:
#
#  EXCEPTION_ACCESS_VIOLATION (0xc0000005) at pc=0x0000000023fd1066, pid=13904, tid=0x0000000000001eec
#
# JRE version: Java(TM) SE Runtime Environment (8.0_101-b13) (build 1.8.0_101-b13)
# Java VM: Java HotSpot(TM) 64-Bit Server VM (25.101-b13 mixed mode windows-amd64 compressed oops)
# Problematic frame:
# C  [OpenAL64.dll+0x11066]
#
# Failed to write core dump. Minidumps are not enabled by default on client versions of Windows
#
# If you would like to submit a bug report, please visit:
#   http://bugreport.java.com/bugreport/crash.jsp
# The crash happened outside the Java Virtual Machine in native code.
# See problematic frame for where to report the bug.
#

---------------  T H R E A D  ---------------

Current thread (0x000000001e333800):  JavaThread "Thread-5" [_thread_in_native, id=7916, stack(0x0000000035960000,0x0000000035a60000)]

siginfo: ExceptionCode=0xc0000005, reading address 0x0000000022128004

Registers:
RAX=0x0000000000000004, RBX=0x0000000028160090, RCX=0x0000000022128008, RDX=0x0000000022128004
RSP=0x0000000035a5ec90, RBP=0x00000000000000ff, RSI=0x000000002211ce5c, RDI=0x0000000000000000
R8 =0x0000000000002c6a, R9 =0x000000002211ce5c, R10=0x00000000029b7f28, R11=0x0000000076e6b4a0
R12=0x0000000000000001, R13=0x00000000285aabe8, R14=0x0000000035a5ee28, R15=0x000000001e333800
RIP=0x0000000023fd1066, EFLAGS=0x0000000000010202

Top of Stack: (sp=0x0000000035a5ec90)
0x0000000035a5ec90:   0000000000000000 0000000076d0d01b
0x0000000035a5eca0:   000000001e333800 000000001e333800
0x0000000035a5ecb0:   00000000285aabe8 0000000000000000
0x0000000035a5ecc0:   000000001e333800 000000002203b4f0
0x0000000035a5ecd0:   00000000285aabe8 0000000035a5ee28
0x0000000035a5ece0:   000000001f68f5f0 0000000076cfb1d6
0x0000000035a5ecf0:   0000000035a5f498 000000001e4e0340
0x0000000035a5ed00:   000000001e333800 0000000035a5ee28
0x0000000035a5ed10:   00000000285aabe8 0000000000000000
0x0000000035a5ed20:   000000002211ce5c 00000006c103b440
0x0000000035a5ed30:   0000000035a5edf0 0000000023fd248f
0x0000000035a5ed40:   0000000028160090 0000000028160090
0x0000000035a5ed50:   000000000000ac44 0000000600000004
0x0000000035a5ed60:   0000000000000010 00000000029b7f54
0x0000000035a5ed70:   00000000285aabe8 00000000029b7cbd
0x0000000035a5ed80:   000000001e333800 00000000285aabe8 

Instructions: (pc=0x0000000023fd1066)
0x0000000023fd1046:   41 2b ec 81 3a 03 00 02 00 75 09 8b 01 89 84 24
0x0000000023fd1056:   c8 00 00 00 49 83 c0 02 48 83 c1 08 4a 8d 14 86
0x0000000023fd1066:   39 3a 75 af 4c 8d 84 24 c0 00 00 00 48 8d 15 d7
0x0000000023fd1076:   2b 03 00 33 c9 e8 58 5f 00 00 b8 40 1f 00 00 4c 


Register to memory mapping:

RAX=0x0000000000000004 is an unknown value
RBX=0x0000000028160090 is an unknown value
RCX=0x0000000022128008 is an unknown value
RDX=0x0000000022128004 is an unknown value
RSP=0x0000000035a5ec90 is pointing into the stack for thread: 0x000000001e333800
RBP=0x00000000000000ff is an unknown value
RSI=0x000000002211ce5c is an unknown value
RDI=0x0000000000000000 is an unknown value
R8 =0x0000000000002c6a is an unknown value
R9 =0x000000002211ce5c is an unknown value
R10=0x00000000029b7f28 is at code_begin+840 in an Interpreter codelet
method entry point (kind = native)  [0x00000000029b7be0, 0x00000000029b8540]  2400 bytes
R11=0x0000000076e6b4a0 is an unknown value
R12=0x0000000000000001 is an unknown value
R13={method} {0x00000000285aabf0} 'nalcCreateContext' '(JJ)J' in 'org/lwjgl/openal/ALC10'
R14=0x0000000035a5ee28 is pointing into the stack for thread: 0x000000001e333800
R15=0x000000001e333800 is a thread


Stack: [0x0000000035960000,0x0000000035a60000],  sp=0x0000000035a5ec90,  free space=1019k
Native frames: (J=compiled Java code, j=interpreted, Vv=VM code, C=native code)
C  [OpenAL64.dll+0x11066]
C  [OpenAL64.dll+0x1248f]
C  0x00000000029b7f54

Java frames: (J=compiled Java code, j=interpreted, Vv=VM code)
j  org.lwjgl.openal.ALC10.nalcCreateContext(JJ)J+0
j  org.lwjgl.openal.ALC10.alcCreateContext(Lorg/lwjgl/openal/ALCdevice;Ljava/nio/IntBuffer;)Lorg/lwjgl/openal/ALCcontext;+8
j  org.lwjgl.openal.AL.init(Ljava/lang/String;IIZZ)V+69
j  org.lwjgl.openal.AL.create(Ljava/lang/String;IIZZ)V+246
j  org.lwjgl.openal.AL.create(Ljava/lang/String;IIZ)V+5
j  org.lwjgl.openal.AL.create()V+6
j  paulscode.sound.libraries.LibraryLWJGLOpenAL.init()V+2
j  paulscode.sound.SoundSystem.CommandNewLibrary(Ljava/lang/Class;)V+273
j  paulscode.sound.SoundSystem.CommandQueue(Lpaulscode/sound/CommandObject;)Z+1206
j  paulscode.sound.CommandThread.run()V+51
v  ~StubRoutines::call_stub

---------------  P R O C E S S  ---------------

Java Threads: ( => current thread )
  0x000000001e336800 JavaThread "Thread-6" [_thread_blocked, id=18512, stack(0x0000000035a60000,0x0000000035b60000)]
=>0x000000001e333800 JavaThread "Thread-5" [_thread_in_native, id=7916, stack(0x0000000035960000,0x0000000035a60000)]
  0x000000001e331000 JavaThread "Sound Library Loader" [_thread_blocked, id=17416, stack(0x0000000035860000,0x0000000035960000)]
  0x0000000026362000 JavaThread "Keep-Alive-Timer" daemon [_thread_blocked, id=19656, stack(0x0000000035760000,0x0000000035860000)]
  0x00000000264f7000 JavaThread "LWJGL Timer" daemon [_thread_blocked, id=13880, stack(0x0000000035360000,0x0000000035460000)]
  0x000000001fc6b000 JavaThread "Thread-3" [_thread_blocked, id=16664, stack(0x0000000033d70000,0x0000000033e70000)]
  0x0000000026558000 JavaThread "Java2D Disposer" daemon [_thread_blocked, id=20956, stack(0x0000000027c90000,0x0000000027d90000)]
  0x0000000025fb4800 JavaThread "Timer hack thread" daemon [_thread_blocked, id=3896, stack(0x0000000027b90000,0x0000000027c90000)]
  0x0000000021f38000 JavaThread "Snooper Timer" daemon [_thread_blocked, id=18756, stack(0x0000000023cd0000,0x0000000023dd0000)]
  0x000000001e35c000 JavaThread "Service Thread" daemon [_thread_blocked, id=11100, stack(0x000000001ef10000,0x000000001f010000)]
  0x000000001e332000 JavaThread "C1 CompilerThread3" daemon [_thread_blocked, id=18556, stack(0x000000001ee10000,0x000000001ef10000)]
  0x000000001e32a800 JavaThread "C2 CompilerThread2" daemon [_thread_in_native, id=10436, stack(0x000000001ed10000,0x000000001ee10000)]
  0x000000001e325000 JavaThread "C2 CompilerThread1" daemon [_thread_in_native, id=20008, stack(0x000000001ec10000,0x000000001ed10000)]
  0x000000001e321800 JavaThread "C2 CompilerThread0" daemon [_thread_blocked, id=13052, stack(0x000000001eb10000,0x000000001ec10000)]
  0x000000001e31c800 JavaThread "Attach Listener" daemon [_thread_blocked, id=19784, stack(0x000000001ea10000,0x000000001eb10000)]
  0x000000001e31b000 JavaThread "Signal Dispatcher" daemon [_thread_blocked, id=11660, stack(0x000000001e910000,0x000000001ea10000)]
  0x000000000299d800 JavaThread "Finalizer" daemon [_thread_blocked, id=19800, stack(0x000000001e6f0000,0x000000001e7f0000)]
  0x000000000299c000 JavaThread "Reference Handler" daemon [_thread_blocked, id=17556, stack(0x000000001e1f0000,0x000000001e2f0000)]
  0x00000000028a6000 JavaThread "Client thread" [_thread_in_native, id=11940, stack(0x0000000002740000,0x0000000002840000)]

Other Threads:
  0x000000001c419800 VMThread [stack: 0x000000001e0f0000,0x000000001e1f0000] [id=20316]
  0x000000001e3f9000 WatcherThread [stack: 0x000000001f010000,0x000000001f110000] [id=9144]

VM state:not at safepoint (normal execution)

VM Mutex/Monitor currently owned by a thread: None

Heap:
 PSYoungGen      total 441344K, used 22074K [0x000000076b000000, 0x000000078d700000, 0x00000007c0000000)
  eden space 399872K, 2% used [0x000000076b000000,0x000000076b8a6188,0x0000000783680000)
  from space 41472K, 31% used [0x0000000783680000,0x00000007843687d0,0x0000000785f00000)
  to   space 39936K, 0% used [0x000000078b000000,0x000000078b000000,0x000000078d700000)
 ParOldGen       total 262144K, used 103608K [0x00000006c1000000, 0x00000006d1000000, 0x000000076b000000)
  object space 262144K, 39% used [0x00000006c1000000,0x00000006c752e238,0x00000006d1000000)
 Metaspace       used 42184K, capacity 42729K, committed 43096K, reserved 1087488K
  class space    used 5558K, capacity 5738K, committed 5760K, reserved 1048576K

Card table byte_map: [0x0000000011d60000,0x0000000012560000] byte_map_base: 0x000000000e758000

Marking Bits: (ParMarkBitMap*) 0x000000007745a6d0
 Begin Bits: [0x00000000132b0000, 0x0000000017270000)
 End Bits:   [0x0000000017270000, 0x000000001b230000)

Polling page: 0x0000000000dc0000

CodeCache: size=245760Kb used=14465Kb max_used=16245Kb free=231294Kb
 bounds [0x00000000029a0000, 0x00000000039c0000, 0x00000000119a0000]
 total_blobs=4803 nmethods=4098 adapters=616
 compilation: enabled

Compilation events (10 events):
Event: 15.752 Thread 0x000000001e332000 nmethod 5087 0x0000000002ba5590 code [0x0000000002ba5720, 0x0000000002ba5ad8]
Event: 15.752 Thread 0x000000001e332000 5089       3       net.minecraft.client.resources.LegacyV2Adapter::resourceExists (15 bytes)
Event: 15.752 Thread 0x000000001e332000 nmethod 5089 0x0000000002c43790 code [0x0000000002c43900, 0x0000000002c43b58]
Event: 15.754 Thread 0x000000001e321800 nmethod 5083 0x0000000002f8ca50 code [0x0000000002f8cba0, 0x0000000002f8ced8]
Event: 15.754 Thread 0x000000001e321800 5088       4       com.google.gson.internal.LinkedTreeMap$LinkedTreeMapIterator::hasNext (20 bytes)
Event: 15.754 Thread 0x000000001e321800 nmethod 5088 0x00000000036dec10 code [0x00000000036ded40, 0x00000000036dedd8]
Event: 15.754 Thread 0x000000001e321800 5084       4       net.minecraft.util.JsonUtils::getString (51 bytes)
Event: 15.755 Thread 0x000000001e332000 5090       3       net.minecraft.client.resources.AbstractResourcePack::resourceExists (9 bytes)
Event: 15.756 Thread 0x000000001e321800 nmethod 5084 0x0000000002cf7390 code [0x0000000002cf7500, 0x0000000002cf7668]
Event: 15.756 Thread 0x000000001e332000 nmethod 5090 0x0000000002cbc890 code [0x0000000002cbcb00, 0x0000000002cbdc08]

GC Heap History (10 events):
Event: 6.094 GC heap before
{Heap before GC invocations=11 (full 2):
 PSYoungGen      total 248832K, used 215552K [0x000000076b000000, 0x000000077d100000, 0x00000007c0000000)
  eden space 215552K, 100% used [0x000000076b000000,0x0000000778280000,0x0000000778280000)
  from space 33280K, 0% used [0x000000077a780000,0x000000077a780000,0x000000077c800000)
  to   space 37888K, 0% used [0x0000000778280000,0x0000000778280000,0x000000077a780000)
 ParOldGen       total 148480K, used 45340K [0x00000006c1000000, 0x00000006ca100000, 0x000000076b000000)
  object space 148480K, 30% used [0x00000006c1000000,0x00000006c3c47310,0x00000006ca100000)
 Metaspace       used 24780K, capacity 25148K, committed 25560K, reserved 1071104K
  class space    used 3110K, capacity 3217K, committed 3328K, reserved 1048576K
Event: 6.111 GC heap after
Heap after GC invocations=11 (full 2):
 PSYoungGen      total 253440K, used 12247K [0x000000076b000000, 0x0000000785100000, 0x00000007c0000000)
  eden space 215552K, 0% used [0x000000076b000000,0x000000076b000000,0x0000000778280000)
  from space 37888K, 32% used [0x0000000778280000,0x0000000778e75db8,0x000000077a780000)
  to   space 36352K, 0% used [0x0000000782d80000,0x0000000782d80000,0x0000000785100000)
 ParOldGen       total 148480K, used 45348K [0x00000006c1000000, 0x00000006ca100000, 0x000000076b000000)
  object space 148480K, 30% used [0x00000006c1000000,0x00000006c3c49310,0x00000006ca100000)
 Metaspace       used 24780K, capacity 25148K, committed 25560K, reserved 1071104K
  class space    used 3110K, capacity 3217K, committed 3328K, reserved 1048576K
}
Event: 6.725 GC heap before
{Heap before GC invocations=12 (full 2):
 PSYoungGen      total 253440K, used 227799K [0x000000076b000000, 0x0000000785100000, 0x00000007c0000000)
  eden space 215552K, 100% used [0x000000076b000000,0x0000000778280000,0x0000000778280000)
  from space 37888K, 32% used [0x0000000778280000,0x0000000778e75db8,0x000000077a780000)
  to   space 36352K, 0% used [0x0000000782d80000,0x0000000782d80000,0x0000000785100000)
 ParOldGen       total 148480K, used 45348K [0x00000006c1000000, 0x00000006ca100000, 0x000000076b000000)
  object space 148480K, 30% used [0x00000006c1000000,0x00000006c3c49310,0x00000006ca100000)
 Metaspace       used 27346K, capacity 27746K, committed 28120K, reserved 1073152K
  class space    used 3655K, capacity 3762K, committed 3840K, reserved 1048576K
Event: 6.743 GC heap after
Heap after GC invocations=12 (full 2):
 PSYoungGen      total 319488K, used 21690K [0x000000076b000000, 0x0000000784300000, 0x00000007c0000000)
  eden space 297472K, 0% used [0x000000076b000000,0x000000076b000000,0x000000077d280000)
  from space 22016K, 98% used [0x0000000782d80000,0x00000007842aea48,0x0000000784300000)
  to   space 36352K, 0% used [0x000000077fc00000,0x000000077fc00000,0x0000000781f80000)
 ParOldGen       total 148480K, used 45356K [0x00000006c1000000, 0x00000006ca100000, 0x000000076b000000)
  object space 148480K, 30% used [0x00000006c1000000,0x00000006c3c4b310,0x00000006ca100000)
 Metaspace       used 27346K, capacity 27746K, committed 28120K, reserved 1073152K
  class space    used 3655K, capacity 3762K, committed 3840K, reserved 1048576K
}
Event: 8.785 GC heap before
{Heap before GC invocations=13 (full 2):
 PSYoungGen      total 319488K, used 319162K [0x000000076b000000, 0x0000000784300000, 0x00000007c0000000)
  eden space 297472K, 100% used [0x000000076b000000,0x000000077d280000,0x000000077d280000)
  from space 22016K, 98% used [0x0000000782d80000,0x00000007842aea48,0x0000000784300000)
  to   space 36352K, 0% used [0x000000077fc00000,0x000000077fc00000,0x0000000781f80000)
 ParOldGen       total 148480K, used 45356K [0x00000006c1000000, 0x00000006ca100000, 0x000000076b000000)
  object space 148480K, 30% used [0x00000006c1000000,0x00000006c3c4b310,0x00000006ca100000)
 Metaspace       used 34508K, capacity 34903K, committed 35288K, reserved 1079296K
  class space    used 4646K, capacity 4817K, committed 4864K, reserved 1048576K
Event: 8.811 GC heap after
Heap after GC invocations=13 (full 2):
 PSYoungGen      total 376320K, used 26518K [0x000000076b000000, 0x0000000788400000, 0x00000007c0000000)
  eden space 339968K, 0% used [0x000000076b000000,0x000000076b000000,0x000000077fc00000)
  from space 36352K, 72% used [0x000000077fc00000,0x00000007815e59a0,0x0000000781f80000)
  to   space 37888K, 0% used [0x0000000785f00000,0x0000000785f00000,0x0000000788400000)
 ParOldGen       total 148480K, used 55198K [0x00000006c1000000, 0x00000006ca100000, 0x000000076b000000)
  object space 148480K, 37% used [0x00000006c1000000,0x00000006c45e78a0,0x00000006ca100000)
 Metaspace       used 34508K, capacity 34903K, committed 35288K, reserved 1079296K
  class space    used 4646K, capacity 4817K, committed 4864K, reserved 1048576K
}
Event: 10.317 GC heap before
{Heap before GC invocations=14 (full 2):
 PSYoungGen      total 376320K, used 239845K [0x000000076b000000, 0x0000000788400000, 0x00000007c0000000)
  eden space 339968K, 62% used [0x000000076b000000,0x0000000778053d80,0x000000077fc00000)
  from space 36352K, 72% used [0x000000077fc00000,0x00000007815e59a0,0x0000000781f80000)
  to   space 37888K, 0% used [0x0000000785f00000,0x0000000785f00000,0x0000000788400000)
 ParOldGen       total 148480K, used 55198K [0x00000006c1000000, 0x00000006ca100000, 0x000000076b000000)
  object space 148480K, 37% used [0x00000006c1000000,0x00000006c45e78a0,0x00000006ca100000)
 Metaspace       used 35949K, capacity 36321K, committed 36628K, reserved 1081344K
  class space    used 4810K, capacity 4948K, committed 4992K, reserved 1048576K
Event: 10.358 GC heap after
Heap after GC invocations=14 (full 2):
 PSYoungGen      total 437760K, used 32394K [0x000000076b000000, 0x000000078c300000, 0x00000007c0000000)
  eden space 399872K, 0% used [0x000000076b000000,0x000000076b000000,0x0000000783680000)
  from space 37888K, 85% used [0x0000000785f00000,0x0000000787ea2a40,0x0000000788400000)
  to   space 41472K, 0% used [0x0000000783680000,0x0000000783680000,0x0000000785f00000)
 ParOldGen       total 148480K, used 74540K [0x00000006c1000000, 0x00000006ca100000, 0x000000076b000000)
  object space 148480K, 50% used [0x00000006c1000000,0x00000006c58cb328,0x00000006ca100000)
 Metaspace       used 35949K, capacity 36321K, committed 36628K, reserved 1081344K
  class space    used 4810K, capacity 4948K, committed 4992K, reserved 1048576K
}
Event: 10.358 GC heap before
{Heap before GC invocations=15 (full 3):
 PSYoungGen      total 437760K, used 32394K [0x000000076b000000, 0x000000078c300000, 0x00000007c0000000)
  eden space 399872K, 0% used [0x000000076b000000,0x000000076b000000,0x0000000783680000)
  from space 37888K, 85% used [0x0000000785f00000,0x0000000787ea2a40,0x0000000788400000)
  to   space 41472K, 0% used [0x0000000783680000,0x0000000783680000,0x0000000785f00000)
 ParOldGen       total 148480K, used 74540K [0x00000006c1000000, 0x00000006ca100000, 0x000000076b000000)
  object space 148480K, 50% used [0x00000006c1000000,0x00000006c58cb328,0x00000006ca100000)
 Metaspace       used 35949K, capacity 36321K, committed 36628K, reserved 1081344K
  class space    used 4810K, capacity 4948K, committed 4992K, reserved 1048576K
Event: 10.703 GC heap after
Heap after GC invocations=15 (full 3):
 PSYoungGen      total 437760K, used 0K [0x000000076b000000, 0x000000078c300000, 0x00000007c0000000)
  eden space 399872K, 0% used [0x000000076b000000,0x000000076b000000,0x0000000783680000)
  from space 37888K, 0% used [0x0000000785f00000,0x0000000785f00000,0x0000000788400000)
  to   space 41472K, 0% used [0x0000000783680000,0x0000000783680000,0x0000000785f00000)
 ParOldGen       total 262144K, used 103600K [0x00000006c1000000, 0x00000006d1000000, 0x000000076b000000)
  object space 262144K, 39% used [0x00000006c1000000,0x00000006c752c238,0x00000006d1000000)
 Metaspace       used 35949K, capacity 36321K, committed 36628K, reserved 1081344K
  class space    used 4810K, capacity 4948K, committed 4992K, reserved 1048576K
}

Deoptimization events (10 events):
Event: 15.643 Thread 0x00000000028a6000 Uncommon trap: reason=unstable_if action=reinterpret pc=0x0000000003937478 method=com.google.gson.internal.bind.JsonTreeReader.peek()Lcom/google/gson/stream/JsonToken; @ 104
Event: 15.648 Thread 0x00000000028a6000 Uncommon trap: reason=bimorphic action=maybe_recompile pc=0x000000000396ed90 method=java.util.HashMap.removeNode(ILjava/lang/Object;Ljava/lang/Object;ZZ)Ljava/util/HashMap$Node; @ 283
Event: 15.648 Thread 0x00000000028a6000 Uncommon trap: reason=bimorphic action=maybe_recompile pc=0x000000000396ed90 method=java.util.HashMap.removeNode(ILjava/lang/Object;Ljava/lang/Object;ZZ)Ljava/util/HashMap$Node; @ 283
Event: 15.648 Thread 0x00000000028a6000 Uncommon trap: reason=bimorphic action=maybe_recompile pc=0x000000000396ed90 method=java.util.HashMap.removeNode(ILjava/lang/Object;Ljava/lang/Object;ZZ)Ljava/util/HashMap$Node; @ 283
Event: 15.648 Thread 0x00000000028a6000 Uncommon trap: reason=bimorphic action=maybe_recompile pc=0x000000000396ed90 method=java.util.HashMap.removeNode(ILjava/lang/Object;Ljava/lang/Object;ZZ)Ljava/util/HashMap$Node; @ 283
Event: 15.668 Thread 0x00000000028a6000 Uncommon trap: reason=unstable_if action=reinterpret pc=0x0000000003403dac method=com.google.common.collect.ImmutableMap.copyOf(Ljava/util/Map;)Lcom/google/common/collect/ImmutableMap; @ 35
Event: 15.691 Thread 0x00000000028a6000 Uncommon trap: reason=unstable_if action=reinterpret pc=0x000000000340f678 method=com.google.common.collect.ImmutableSet.construct(I[Ljava/lang/Object;)Lcom/google/common/collect/ImmutableSet; @ 215
Event: 15.693 Thread 0x00000000028a6000 Uncommon trap: reason=bimorphic action=maybe_recompile pc=0x000000000334a4c0 method=java.util.HashMap.putVal(ILjava/lang/Object;Ljava/lang/Object;ZZ)Ljava/lang/Object; @ 203
Event: 15.728 Thread 0x00000000028a6000 Uncommon trap: reason=class_check action=maybe_recompile pc=0x0000000003379d08 method=com.google.common.collect.Lists.newArrayList(Ljava/lang/Iterable;)Ljava/util/ArrayList; @ 27
Event: 15.750 Thread 0x00000000028a6000 Uncommon trap: reason=null_check action=make_not_entrant pc=0x0000000002e9c0fc method=com.google.gson.JsonPrimitive.isPrimitiveOrString(Ljava/lang/Object;)Z @ 39

Internal exceptions (10 events):
Event: 15.731 Thread 0x000000001e333800 Exception <a 'org/lwjgl/LWJGLException'> (0x00000007832fed08) thrown at [C:\re\workspace\8-2-build-windows-amd64-cygwin\jdk8u101\7261\hotspot\src\share\vm\prims\jni.cpp, line 709]
Event: 15.731 Thread 0x000000001e333800 Exception <a 'org/lwjgl/LWJGLException'> (0x00000007832ff2d8) thrown at [C:\re\workspace\8-2-build-windows-amd64-cygwin\jdk8u101\7261\hotspot\src\share\vm\prims\jni.cpp, line 709]
Event: 15.731 Thread 0x000000001e333800 Exception <a 'org/lwjgl/LWJGLException'> (0x00000007832ff830) thrown at [C:\re\workspace\8-2-build-windows-amd64-cygwin\jdk8u101\7261\hotspot\src\share\vm\prims\jni.cpp, line 709]
Event: 15.731 Thread 0x000000001e333800 Exception <a 'org/lwjgl/LWJGLException'> (0x00000007832ffd80) thrown at [C:\re\workspace\8-2-build-windows-amd64-cygwin\jdk8u101\7261\hotspot\src\share\vm\prims\jni.cpp, line 709]
Event: 15.731 Thread 0x000000001e333800 Exception <a 'org/lwjgl/LWJGLException'> (0x0000000783300388) thrown at [C:\re\workspace\8-2-build-windows-amd64-cygwin\jdk8u101\7261\hotspot\src\share\vm\prims\jni.cpp, line 709]
Event: 15.731 Thread 0x000000001e333800 Exception <a 'org/lwjgl/LWJGLException'> (0x0000000783300a40) thrown at [C:\re\workspace\8-2-build-windows-amd64-cygwin\jdk8u101\7261\hotspot\src\share\vm\prims\jni.cpp, line 709]
Event: 15.731 Thread 0x000000001e333800 Exception <a 'org/lwjgl/LWJGLException'> (0x0000000783301300) thrown at [C:\re\workspace\8-2-build-windows-amd64-cygwin\jdk8u101\7261\hotspot\src\share\vm\prims\jni.cpp, line 709]
Event: 15.733 Thread 0x000000001e333800 Exception <a 'org/lwjgl/LWJGLException'> (0x0000000783301968) thrown at [C:\re\workspace\8-2-build-windows-amd64-cygwin\jdk8u101\7261\hotspot\src\share\vm\prims\jni.cpp, line 709]
Event: 15.747 Thread 0x00000000028a6000 Exception <a 'java/io/IOException'> (0x00000007834c1b38) thrown at [C:\re\workspace\8-2-build-windows-amd64-cygwin\jdk8u101\7261\hotspot\src\share\vm\prims\jni.cpp, line 709]
Event: 15.749 Thread 0x00000000028a6000 Exception <a 'java/io/IOException'> (0x00000007834d7b98) thrown at [C:\re\workspace\8-2-build-windows-amd64-cygwin\jdk8u101\7261\hotspot\src\share\vm\prims\jni.cpp, line 709]

Events (10 events):
Event: 15.750 Thread 0x00000000028a6000 DEOPT PACKING pc=0x0000000002e9c0fc sp=0x000000000283d100
Event: 15.750 Thread 0x00000000028a6000 DEOPT UNPACKING pc=0x00000000029e582a sp=0x000000000283d028 mode 2
Event: 15.752 loading class org/lwjgl/openal/ALCdevice
Event: 15.752 loading class org/lwjgl/openal/ALCdevice done
Event: 15.753 loading class org/lwjgl/openal/ALCcontext
Event: 15.753 loading class org/lwjgl/openal/ALCcontext done
Event: 15.753 loading class org/lwjgl/openal/Util
Event: 15.753 loading class org/lwjgl/openal/Util done
Event: 15.754 loading class org/lwjgl/openal/OpenALException
Event: 15.754 loading class org/lwjgl/openal/OpenALException done


Dynamic libraries:
0x00007ff602c70000 - 0x00007ff602ca7000 	C:\Program Files\Java\jdk1.8.0_101\bin\java.exe
0x00007ffd768d0000 - 0x00007ffd76ab1000 	C:\WINDOWS\SYSTEM32\ntdll.dll
0x00007ffd74a10000 - 0x00007ffd74ac1000 	C:\WINDOWS\System32\KERNEL32.DLL
0x00007ffd73aa0000 - 0x00007ffd73d13000 	C:\WINDOWS\System32\KERNELBASE.dll
0x00007ffd76290000 - 0x00007ffd76331000 	C:\WINDOWS\System32\ADVAPI32.dll
0x00007ffd747d0000 - 0x00007ffd7486e000 	C:\WINDOWS\System32\msvcrt.dll
0x00007ffd74900000 - 0x00007ffd7495b000 	C:\WINDOWS\System32\sechost.dll
0x00007ffd73dc0000 - 0x00007ffd73ee4000 	C:\WINDOWS\System32\RPCRT4.dll
0x00007ffd76340000 - 0x00007ffd764d0000 	C:\WINDOWS\System32\USER32.dll
0x00007ffd73810000 - 0x00007ffd73830000 	C:\WINDOWS\System32\win32u.dll
0x00007ffd747a0000 - 0x00007ffd747c8000 	C:\WINDOWS\System32\GDI32.dll
0x00007ffd72f00000 - 0x00007ffd73091000 	C:\WINDOWS\System32\gdi32full.dll
0x00007ffd73a00000 - 0x00007ffd73a9f000 	C:\WINDOWS\System32\msvcp_win.dll
0x00007ffd73830000 - 0x00007ffd73928000 	C:\WINDOWS\System32\ucrtbase.dll
0x00007ffd5f0d0000 - 0x00007ffd5f339000 	C:\WINDOWS\WinSxS\amd64_microsoft.windows.common-controls_6595b64144ccf1df_6.0.17134.1067_none_d401a3eb7c8ebdea\COMCTL32.dll
0x00007ffd73ef0000 - 0x00007ffd74211000 	C:\WINDOWS\System32\combase.dll
0x00007ffd73930000 - 0x00007ffd739a9000 	C:\WINDOWS\System32\bcryptPrimitives.dll
0x00007ffd74c50000 - 0x00007ffd74c7d000 	C:\WINDOWS\System32\IMM32.DLL
0x00000000501e0000 - 0x00000000502b2000 	C:\Program Files\Java\jdk1.8.0_101\jre\bin\msvcr100.dll
0x0000000076c40000 - 0x00000000774da000 	C:\Program Files\Java\jdk1.8.0_101\jre\bin\server\jvm.dll
0x00007ffd74870000 - 0x00007ffd74878000 	C:\WINDOWS\System32\PSAPI.DLL
0x00007ffd66ad0000 - 0x00007ffd66ad9000 	C:\WINDOWS\SYSTEM32\WSOCK32.dll
0x00007ffd6f920000 - 0x00007ffd6f943000 	C:\WINDOWS\SYSTEM32\WINMM.dll
0x00007ffd6dac0000 - 0x00007ffd6daca000 	C:\WINDOWS\SYSTEM32\VERSION.dll
0x00007ffd764e0000 - 0x00007ffd7654c000 	C:\WINDOWS\System32\WS2_32.dll
0x00007ffd6f8f0000 - 0x00007ffd6f91a000 	C:\WINDOWS\SYSTEM32\winmmbase.dll
0x00007ffd739b0000 - 0x00007ffd739f9000 	C:\WINDOWS\System32\cfgmgr32.dll
0x00000000501d0000 - 0x00000000501df000 	C:\Program Files\Java\jdk1.8.0_101\jre\bin\verify.dll
0x00000000501a0000 - 0x00000000501c9000 	C:\Program Files\Java\jdk1.8.0_101\jre\bin\java.dll
0x0000000050180000 - 0x0000000050196000 	C:\Program Files\Java\jdk1.8.0_101\jre\bin\zip.dll
0x00007ffd74d40000 - 0x00007ffd76184000 	C:\WINDOWS\System32\SHELL32.dll
0x00007ffd74960000 - 0x00007ffd74a09000 	C:\WINDOWS\System32\shcore.dll
0x00007ffd730a0000 - 0x00007ffd737b0000 	C:\WINDOWS\System32\windows.storage.dll
0x00007ffd74220000 - 0x00007ffd74271000 	C:\WINDOWS\System32\shlwapi.dll
0x00007ffd72c20000 - 0x00007ffd72c31000 	C:\WINDOWS\System32\kernel.appcore.dll
0x00007ffd72c40000 - 0x00007ffd72c5f000 	C:\WINDOWS\System32\profapi.dll
0x00007ffd72bb0000 - 0x00007ffd72bfc000 	C:\WINDOWS\System32\powrprof.dll
0x00007ffd72ba0000 - 0x00007ffd72baa000 	C:\WINDOWS\System32\FLTLIB.DLL
0x0000000050130000 - 0x000000005013d000 	C:\Program Files\Java\jdk1.8.0_101\jre\bin\management.dll
0x0000000050160000 - 0x000000005017a000 	C:\Program Files\Java\jdk1.8.0_101\jre\bin\net.dll
0x00007ffd72420000 - 0x00007ffd72486000 	C:\WINDOWS\system32\mswsock.dll
0x00007ffd677c0000 - 0x00007ffd677d6000 	C:\WINDOWS\system32\napinsp.dll
0x00007ffd671d0000 - 0x00007ffd671ea000 	C:\WINDOWS\system32\pnrpnsp.dll
0x00007ffd6adc0000 - 0x00007ffd6add9000 	C:\WINDOWS\system32\NLAapi.dll
0x00007ffd721b0000 - 0x00007ffd7226e000 	C:\WINDOWS\SYSTEM32\DNSAPI.dll
0x00007ffd764d0000 - 0x00007ffd764d8000 	C:\WINDOWS\System32\NSI.dll
0x00007ffd72170000 - 0x00007ffd721a8000 	C:\WINDOWS\SYSTEM32\IPHLPAPI.DLL
0x00007ffd6f4c0000 - 0x00007ffd6f4ce000 	C:\WINDOWS\System32\winrnr.dll
0x00007ffd56c60000 - 0x00007ffd56c75000 	C:\WINDOWS\System32\wshbth.dll
0x00007ffd6bbf0000 - 0x00007ffd6bbfa000 	C:\Windows\System32\rasadhlp.dll
0x00007ffd6c8e0000 - 0x00007ffd6c952000 	C:\WINDOWS\System32\fwpuclnt.dll
0x00007ffd72700000 - 0x00007ffd72725000 	C:\WINDOWS\SYSTEM32\bcrypt.dll
0x0000000050140000 - 0x0000000050151000 	C:\Program Files\Java\jdk1.8.0_101\jre\bin\nio.dll
0x00007ffd725d0000 - 0x00007ffd725e7000 	C:\WINDOWS\SYSTEM32\CRYPTSP.dll
0x00007ffd71fd0000 - 0x00007ffd72003000 	C:\WINDOWS\system32\rsaenh.dll
0x00007ffd72ad0000 - 0x00007ffd72af8000 	C:\WINDOWS\SYSTEM32\USERENV.dll
0x00007ffd725f0000 - 0x00007ffd725fb000 	C:\WINDOWS\SYSTEM32\CRYPTBASE.dll
0x00007ffd6c2d0000 - 0x00007ffd6c2e6000 	C:\WINDOWS\SYSTEM32\dhcpcsvc6.DLL
0x00007ffd6c2b0000 - 0x00007ffd6c2ca000 	C:\WINDOWS\SYSTEM32\dhcpcsvc.DLL
0x00007ffd67370000 - 0x00007ffd673b2000 	C:\Users\Lukas Grafoner\AppData\Local\Temp\jna-8307784\jna5213672869994957408.dll
0x0000000180000000 - 0x0000000180053000 	C:\Users\Lukas Grafoner\.gradle\caches\minecraft\net\minecraft\natives\1.12.2\lwjgl64.dll
0x00007ffd2b430000 - 0x00007ffd2b550000 	C:\WINDOWS\SYSTEM32\OPENGL32.dll
0x00007ffd52340000 - 0x00007ffd5236c000 	C:\WINDOWS\SYSTEM32\GLU32.dll
0x0000000077840000 - 0x00000000779d8000 	C:\Program Files\Java\jdk1.8.0_101\jre\bin\awt.dll
0x00007ffd746d0000 - 0x00007ffd74792000 	C:\WINDOWS\System32\OLEAUT32.dll
0x00007ffd70ed0000 - 0x00007ffd70f5b000 	C:\WINDOWS\SYSTEM32\apphelp.dll
0x00007ffd71050000 - 0x00007ffd710e8000 	C:\WINDOWS\system32\uxtheme.dll
0x00007ffd74ad0000 - 0x00007ffd74c44000 	C:\WINDOWS\System32\MSCTF.dll
0x00007ffd712f0000 - 0x00007ffd71319000 	C:\WINDOWS\system32\dwmapi.dll
0x0000000074950000 - 0x0000000076c32000 	C:\WINDOWS\SYSTEM32\nvoglv64.DLL
0x00007ffd74280000 - 0x00007ffd746cb000 	C:\WINDOWS\System32\SETUPAPI.dll
0x00007ffd766f0000 - 0x00007ffd76841000 	C:\WINDOWS\System32\ole32.dll
0x00007ffd6f4a0000 - 0x00007ffd6f4b3000 	C:\WINDOWS\SYSTEM32\WTSAPI32.dll
0x00007ffd729b0000 - 0x00007ffd729d7000 	C:\WINDOWS\SYSTEM32\DEVOBJ.dll
0x00007ffd737b0000 - 0x00007ffd73807000 	C:\WINDOWS\System32\WINTRUST.dll
0x00007ffd72c00000 - 0x00007ffd72c12000 	C:\WINDOWS\System32\MSASN1.dll
0x00007ffd72d10000 - 0x00007ffd72ef2000 	C:\WINDOWS\System32\CRYPT32.dll
0x00007ffd71c60000 - 0x00007ffd71c91000 	C:\WINDOWS\SYSTEM32\ntmarta.dll
0x00007ffd637c0000 - 0x00007ffd63977000 	C:\WINDOWS\system32\nvspcap64.dll
0x00007ffd6c960000 - 0x00007ffd6ca3d000 	C:\WINDOWS\SYSTEM32\WINHTTP.dll
0x00007ffd6ecf0000 - 0x00007ffd6ed98000 	C:\WINDOWS\SYSTEM32\mscms.dll
0x00007ffd6fad0000 - 0x00007ffd6fae0000 	C:\WINDOWS\SYSTEM32\ColorAdapterClient.dll
0x00007ffd45780000 - 0x00007ffd457c3000 	C:\WINDOWS\SYSTEM32\icm32.dll
0x00007ffd71d00000 - 0x00007ffd71d56000 	C:\WINDOWS\SYSTEM32\WINSTA.dll
0x00007ffd44350000 - 0x00007ffd44392000 	C:\Users\Lukas Grafoner\AppData\Local\Temp\jna-8307784\jna4174575345168815036.dll
0x0000000023fc0000 - 0x0000000024024000 	C:\Users\Lukas Grafoner\.gradle\caches\minecraft\net\minecraft\natives\1.12.2\OpenAL64.dll
0x00007ffd73d20000 - 0x00007ffd73dc0000 	C:\WINDOWS\System32\clbcatq.dll
0x00007ffd6b100000 - 0x00007ffd6b176000 	C:\WINDOWS\System32\MMDevApi.dll
0x00007ffd6f070000 - 0x00007ffd6f225000 	C:\WINDOWS\System32\PROPSYS.dll
0x00007ffd6e000000 - 0x00007ffd6e08f000 	C:\WINDOWS\SYSTEM32\dsound.dll
0x00007ffd55940000 - 0x00007ffd55a6c000 	C:\WINDOWS\SYSTEM32\AUDIOSES.DLL
0x00007ffd6f4f0000 - 0x00007ffd6f63d000 	C:\WINDOWS\SYSTEM32\wintypes.dll
0x00007ffd6f420000 - 0x00007ffd6f42a000 	C:\WINDOWS\SYSTEM32\AVRT.dll
0x00007ffd6a6b0000 - 0x00007ffd6a879000 	C:\WINDOWS\SYSTEM32\dbghelp.dll

VM Arguments:
jvm_args: -Dfile.encoding=windows-1252 -Duser.country=AT -Duser.language=de -Duser.variant 
java_command: GradleStart
java_class_path (initial): C:\Users\Lukas Grafoner\.gradle\caches\minecraft\deobfedDeps\compileDummy.jar;C:\Users\Lukas Grafoner\.gradle\caches\minecraft\deobfedDeps\providedDummy.jar;C:\Users\Lukas Grafoner\.gradle\caches\minecraft\net\minecraftforge\forge\1.12.2-14.23.5.2768\snapshot\20171003\forgeSrc-1.12.2-14.23.5.2768.jar;C:\Users\Lukas Grafoner\.gradle\caches\modules-2\files-2.1\com.mojang\authlib\1.5.25\9834cdf236c22e84b946bba989e2f94ef5897c3c\authlib-1.5.25.jar;C:\Users\Lukas Grafoner\.gradle\caches\modules-2\files-2.1\com.google.code.findbugs\jsr305\3.0.1\f7be08ec23c21485b9b5a1cf1654c2ec8c58168d\jsr305-3.0.1.jar;C:\Users\Lukas Grafoner\.gradle\caches\modules-2\files-2.1\com.mojang\patchy\1.1\aef610b34a1be37fa851825f12372b78424d8903\patchy-1.1.jar;C:\Users\Lukas Grafoner\.gradle\caches\modules-2\files-2.1\oshi-project\oshi-core\1.1\9ddf7b048a8d701be231c0f4f95fd986198fd2d8\oshi-core-1.1.jar;C:\Users\Lukas Grafoner\.gradle\caches\modules-2\files-2.1\com.mojang\text2speech\1.10.3\48fd510879dff266c3815947de66e3d4809f8668\text2speech-1.10.3.jar;C:\Users\Lukas Grafoner\.gradle\caches\modules-2\files-2.1\ca.weblite\java-objc-bridge\1.0.0\6ef160c3133a78de015830860197602ca1c855d3\java-objc-bridge-1.0.0.jar;C:\Users\Lukas Grafoner\.gradle\caches\modules-2\files-2.1\net.java.dev.jna\jna\4.4.0\cb208278274bf12ebdb56c61bd7407e6f774d65a\jna-4.4.0.jar;C:\Users\Lukas Grafoner\.gradle\caches\modules-2\files-2.1\net.java.dev.jna\platform\3.4.0\e3f70017be8100d3d6923f50b3d2ee17714e9c13\platform-3.4.0.jar;C:\Users\Lukas Grafoner\.gradle\caches\modules-2\files-2.1\com.ibm.icu\icu4j-core-mojang\51.2\63d216a9311cca6be337c1e458e587f99d382b84\icu4j-core-mojang-51.2.jar;C:\Users\Lukas Grafoner\.gradle\caches\modules-2\files-2.1\net.minecraft\launchwrapper\1.12\111e7bea9c968cdb3d06ef4632bf7ff0824d0f36\launchwrapper-1.12.jar;C:\Users\Lukas Grafoner\.gradle\caches\modules-2\files-2.1\net.sf.jopt-simple\jopt-simple\5.0.3\cdd846cfc4e0f7eefafc02c0f5dce32b9303aa2a\jopt-simple-5.0.3.jar;C:\U
Launcher Type: SUN_STANDARD

Environment Variables:
JAVA_HOME=C:\Program Files\Java\jdk1.8.0_111
PATH=C:\ProgramData\DockerDesktop\version-bin;C:\Program Files\Docker\Docker\Resources\bin;C:\Program Files (x86)\Common Files\Oracle\Java\javapath;C:\ProgramData\Oracle\Java\javapath;C:\Program Files (x86)\Intel\iCLS Client\;C:\Program Files\Intel\iCLS Client\;C:\Windows\system32;C:\Windows;C:\Windows\System32\Wbem;C:\Windows\System32\WindowsPowerShell\v1.0\;C:\Program Files\Intel\WiFi\bin\;C:\Program Files\Common Files\Intel\WirelessCommon\;C:\Program Files (x86)\NVIDIA Corporation\PhysX\Common;C:\Program Files (x86)\Intel\Intel(R) Management Engine Components\DAL;C:\Program Files\Intel\Intel(R) Management Engine Components\DAL;C:\Program Files (x86)\Intel\Intel(R) Management Engine Components\IPT;C:\Program Files\Intel\Intel(R) Management Engine Components\IPT;C:\WINDOWS\system32;C:\WINDOWS;C:\WINDOWS\System32\Wbem;C:\WINDOWS\System32\WindowsPowerShell\v1.0\;C:\WINDOWS\System32\OpenSSH\;C:\Program Files\Git\cmd;C:\Program Files (x86)\Gradle\gradle-5.6.2\bin;C:\Users\Lukas Grafoner\AppData\Local\Microsoft\WindowsApps;C:\Users\Lukas Grafoner\AppData\Roaming\Dashlane\4.8.9.37516\bin\Firefox_Extension\{442718d9-475e-452a-b3e1-fb1ee16b8e9f}\components;C:\Users\Lukas Grafoner\AppData\Roaming\Dashlane\4.8.9.37516\ucrt;
USERNAME=Lukas Grafoner
OS=Windows_NT
PROCESSOR_IDENTIFIER=Intel64 Family 6 Model 94 Stepping 3, GenuineIntel



---------------  S Y S T E M  ---------------

OS: Windows 10.0 , 64 bit Build 17134 (10.0.17134.753)

CPU:total 8 (4 cores per cpu, 2 threads per core) family 6 model 94 stepping 3, cmov, cx8, fxsr, mmx, sse, sse2, sse3, ssse3, sse4.1, sse4.2, popcnt, avx, avx2, aes, clmul, erms, rtm, 3dnowpref, lzcnt, ht, tsc, tscinvbit, bmi1, bmi2, adx

Memory: 4k page, physical 16711588k(7981756k free), swap 19201956k(6658680k free)

vm_info: Java HotSpot(TM) 64-Bit Server VM (25.101-b13) for windows-amd64 JRE (1.8.0_101-b13), built on Jun 22 2016 01:21:29 by "java_re" with MS VC++ 10.0 (VS2010)

time: Tue Oct 15 15:17:11 2019
elapsed time: 15 seconds (0d 0h 0m 15s)

